Using pre-set license
Built from '2020.3/staging' branch; Version is '2020.3.17f1 (a4537701e4ab) revision 10769271'; Using compiler version '192528614'; Build Type 'Release'
OS: 'Windows 10 Home; OS build 19042.1348; Version 2009; 64bit' Language: 'ko' Physical Memory: 4000 MB
BatchMode: 1, IsHumanControllingUs: 0, StartBugReporterOnCrash: 0, Is64bit: 1, IsPro: 0

COMMAND LINE ARGUMENTS:
C:\Program Files\Unity\Hub\Editor\2020.3.17f1\Editor\Unity.exe
-adb2
-batchMode
-noUpm
-name
AssetImportWorker0
-projectPath
C:/Users/13/Desktop/2021-2/Unity/Final/Term_Project
-logFile
Logs/AssetImportWorker0.log
-srvPort
13545
Successfully changed project path to: C:/Users/13/Desktop/2021-2/Unity/Final/Term_Project
C:/Users/13/Desktop/2021-2/Unity/Final/Term_Project
Using Asset Import Pipeline V2.
Refreshing native plugins compatible for Editor in 277.16 ms, found 2 plugins.
Preloading 0 native plugins for Editor in 0.00 ms.
Initialize engine version: 2020.3.17f1 (a4537701e4ab)
[Subsystems] Discovering subsystems at path C:/Program Files/Unity/Hub/Editor/2020.3.17f1/Editor/Data/Resources/UnitySubsystems
[Subsystems] Discovering subsystems at path C:/Users/13/Desktop/2021-2/Unity/Final/Term_Project/Assets
GfxDevice: creating device client; threaded=0
Direct3D:
    Version:  Direct3D 11.0 [level 11.1]
    Renderer: Intel(R) HD Graphics (ID=0x22b1)
    Vendor:   
    VRAM:     2000 MB
    Driver:   10.18.15.4256
Initialize mono
Mono path[0] = 'C:/Program Files/Unity/Hub/Editor/2020.3.17f1/Editor/Data/Managed'
Mono path[1] = 'C:/Program Files/Unity/Hub/Editor/2020.3.17f1/Editor/Data/MonoBleedingEdge/lib/mono/unityjit'
Mono config path = 'C:/Program Files/Unity/Hub/Editor/2020.3.17f1/Editor/Data/MonoBleedingEdge/etc'
Using monoOptions --debugger-agent=transport=dt_socket,embedding=1,server=y,suspend=n,address=127.0.0.1:56760
Begin MonoManager ReloadAssembly
Registering precompiled unity dll's ...
Register platform support module: C:/Program Files/Unity/Hub/Editor/2020.3.17f1/Editor/Data/PlaybackEngines/WindowsStandaloneSupport/UnityEditor.WindowsStandalone.Extensions.dll
Registered in 0.010628 seconds.
Native extension for WindowsStandalone target not found
Refreshing native plugins compatible for Editor in 133.15 ms, found 2 plugins.
Preloading 0 native plugins for Editor in 0.00 ms.
Mono: successfully reloaded assembly
- Completed reload, in  8.517 seconds
Domain Reload Profiling:
	ReloadAssembly (8518ms)
		BeginReloadAssembly (277ms)
			ExecutionOrderSort (0ms)
			DisableScriptedObjects (0ms)
			BackupInstance (0ms)
			ReleaseScriptingObjects (0ms)
			CreateAndSetChildDomain (3ms)
		EndReloadAssembly (1919ms)
			LoadAssemblies (264ms)
			RebuildTransferFunctionScriptingTraits (0ms)
			SetupTypeCache (765ms)
			ReleaseScriptCaches (0ms)
			RebuildScriptCaches (141ms)
			SetupLoadedEditorAssemblies (700ms)
				LogAssemblyErrors (0ms)
				InitializePlatformSupportModulesInManaged (15ms)
				SetLoadedEditorAssemblies (1ms)
				RefreshPlugins (134ms)
				BeforeProcessingInitializeOnLoad (53ms)
				ProcessInitializeOnLoadAttributes (360ms)
				ProcessInitializeOnLoadMethodAttributes (136ms)
				AfterProcessingInitializeOnLoad (0ms)
				EditorAssembliesLoaded (1ms)
			ExecutionOrderSort2 (0ms)
			AwakeInstancesAfterBackupRestoration (0ms)
Platform modules already initialized, skipping
Registering precompiled user dll's ...
Registered in 0.044791 seconds.
Begin MonoManager ReloadAssembly
Native extension for WindowsStandalone target not found
Refreshing native plugins compatible for Editor in 1.39 ms, found 2 plugins.
Preloading 0 native plugins for Editor in 0.00 ms.
Mono: successfully reloaded assembly
- Completed reload, in  5.804 seconds
Domain Reload Profiling:
	ReloadAssembly (5808ms)
		BeginReloadAssembly (690ms)
			ExecutionOrderSort (0ms)
			DisableScriptedObjects (24ms)
			BackupInstance (0ms)
			ReleaseScriptingObjects (0ms)
			CreateAndSetChildDomain (62ms)
		EndReloadAssembly (4782ms)
			LoadAssemblies (531ms)
			RebuildTransferFunctionScriptingTraits (0ms)
			SetupTypeCache (1473ms)
			ReleaseScriptCaches (1ms)
			RebuildScriptCaches (208ms)
			SetupLoadedEditorAssemblies (2094ms)
				LogAssemblyErrors (0ms)
				InitializePlatformSupportModulesInManaged (20ms)
				SetLoadedEditorAssemblies (2ms)
				RefreshPlugins (2ms)
				BeforeProcessingInitializeOnLoad (575ms)
				ProcessInitializeOnLoadAttributes (1442ms)
				ProcessInitializeOnLoadMethodAttributes (23ms)
				AfterProcessingInitializeOnLoad (29ms)
				EditorAssembliesLoaded (1ms)
			ExecutionOrderSort2 (0ms)
			AwakeInstancesAfterBackupRestoration (38ms)
Platform modules already initialized, skipping
========================================================================
Worker process is ready to serve import requests
Launched and connected shader compiler UnityShaderCompiler.exe after 0.32 seconds
Refreshing native plugins compatible for Editor in 1.18 ms, found 2 plugins.
Preloading 0 native plugins for Editor in 0.00 ms.
Unloading 1422 Unused Serialized files (Serialized files now loaded: 0)
System memory in use before: 81.5 MB.
System memory in use after: 81.6 MB.

Unloading 18 unused Assets to reduce memory usage. Loaded Objects now: 1882.
Total: 10.807900 ms (FindLiveObjects: 0.623800 ms CreateObjectMapping: 0.153100 ms MarkObjects: 9.548900 ms  DeleteObjects: 0.476600 ms)

AssetImportParameters requested are different than current active one (requested -> active):
  custom:framework-win-MediaFoundation: 216162199b28c13a410421893ffa2e32 -> 
  custom:video-decoder-ogg-theora: a1e56fd34408186e4bbccfd4996cb3dc -> 
  custom:container-muxer-webm: aa71ff27fc2769a1b78a27578f13a17b -> 
  custom:container-demuxer-webm: 4f35f7cbe854078d1ac9338744f61a02 -> 
  custom:container-demuxer-ogg: 62fdf1f143b41e24485cea50d1cbac27 -> 
  custom:video-encoder-webm-vp8: eb34c28f22e8b96e1ab97ce403110664 -> 
  custom:video-codec-MediaFoundation-h265: 746d11721c4dcdbdad8f713fa42b33f4 -> 
  custom:video-decoder-webm-vp8: 9c59270c3fd7afecdb556c50c9e8de78 -> 
  custom:audio-decoder-ogg-vorbis: bf7c407c2cedff20999df2af8eb42d56 -> 
  custom:audio-encoder-webm-vorbis: bf7c407c2cedff20999df2af8eb42d56 -> 
========================================================================
Received Import Request.
  path: Assets/Resources/Prefabs/Buttons/main_menu.prefab
  artifactKey: Guid(ebc9dff20dc814741bb61e077eda98f6) Importer(815301076,1909f56bfc062723c751e8b465ee728b)
Start importing Assets/Resources/Prefabs/Buttons/main_menu.prefab using Guid(ebc9dff20dc814741bb61e077eda98f6) Importer(815301076,1909f56bfc062723c751e8b465ee728b)  -> (artifact id: '04fe353cb1fe6a95b41abacd59b4228b') in 0.366643 seconds 
  Import took 0.385169 seconds .

========================================================================
Received Import Request.
  Time since last request: 5.929056 seconds.
  path: Assets/Resources/Prefabs/Buttons/main_menu.prefab
  artifactKey: Guid(ebc9dff20dc814741bb61e077eda98f6) Importer(815301076,1909f56bfc062723c751e8b465ee728b)
Start importing Assets/Resources/Prefabs/Buttons/main_menu.prefab using Guid(ebc9dff20dc814741bb61e077eda98f6) Importer(815301076,1909f56bfc062723c751e8b465ee728b)  -> (artifact id: '624fcc6a2054b7a65edc1a6388c8bdc6') in 0.039257 seconds 
  Import took 0.049432 seconds .

========================================================================
Received Import Request.
  Time since last request: 4.563570 seconds.
  path: Assets/Resources/Prefabs/Buttons/main_menu.prefab
  artifactKey: Guid(ebc9dff20dc814741bb61e077eda98f6) Importer(815301076,1909f56bfc062723c751e8b465ee728b)
Start importing Assets/Resources/Prefabs/Buttons/main_menu.prefab using Guid(ebc9dff20dc814741bb61e077eda98f6) Importer(815301076,1909f56bfc062723c751e8b465ee728b)  -> (artifact id: '1b585af6610226f24d66e97ace347c97') in 0.046074 seconds 
  Import took 0.056813 seconds .

========================================================================
Received Import Request.
  Time since last request: 3.666472 seconds.
  path: Assets/Resources/Prefabs/Buttons/main_menu.prefab
  artifactKey: Guid(ebc9dff20dc814741bb61e077eda98f6) Importer(815301076,1909f56bfc062723c751e8b465ee728b)
Start importing Assets/Resources/Prefabs/Buttons/main_menu.prefab using Guid(ebc9dff20dc814741bb61e077eda98f6) Importer(815301076,1909f56bfc062723c751e8b465ee728b)  -> (artifact id: '7583df3ad0c6a5f0f6656f44839125f5') in 0.091833 seconds 
  Import took 0.156789 seconds .

========================================================================
Received Import Request.
  Time since last request: 7.119960 seconds.
  path: Assets/Resources/Prefabs/Buttons/main_menu.prefab
  artifactKey: Guid(ebc9dff20dc814741bb61e077eda98f6) Importer(815301076,1909f56bfc062723c751e8b465ee728b)
Start importing Assets/Resources/Prefabs/Buttons/main_menu.prefab using Guid(ebc9dff20dc814741bb61e077eda98f6) Importer(815301076,1909f56bfc062723c751e8b465ee728b)  -> (artifact id: 'fa17cbeaa0752aeea951378f092c2844') in 0.038290 seconds 
  Import took 0.049522 seconds .

========================================================================
Received Import Request.
  Time since last request: 9.017601 seconds.
  path: Assets/Resources/Prefabs/Buttons/main_menu.prefab
  artifactKey: Guid(ebc9dff20dc814741bb61e077eda98f6) Importer(815301076,1909f56bfc062723c751e8b465ee728b)
Start importing Assets/Resources/Prefabs/Buttons/main_menu.prefab using Guid(ebc9dff20dc814741bb61e077eda98f6) Importer(815301076,1909f56bfc062723c751e8b465ee728b)  -> (artifact id: '9e1e639559ad16d2bb1f087bdfb983a1') in 0.042596 seconds 
  Import took 0.052876 seconds .

========================================================================
Received Import Request.
  Time since last request: 81.689720 seconds.
  path: Assets/Resources/Prefabs/Buttons/main_menu.prefab
  artifactKey: Guid(ebc9dff20dc814741bb61e077eda98f6) Importer(815301076,1909f56bfc062723c751e8b465ee728b)
Start importing Assets/Resources/Prefabs/Buttons/main_menu.prefab using Guid(ebc9dff20dc814741bb61e077eda98f6) Importer(815301076,1909f56bfc062723c751e8b465ee728b)  -> (artifact id: '0c7f0cd15901661d4cbd67503869d7ff') in 0.059428 seconds 
  Import took 0.068179 seconds .

========================================================================
Received Import Request.
  Time since last request: 7.137673 seconds.
  path: Assets/Resources/Prefabs/Buttons/main_menu.prefab
  artifactKey: Guid(ebc9dff20dc814741bb61e077eda98f6) Importer(815301076,1909f56bfc062723c751e8b465ee728b)
Start importing Assets/Resources/Prefabs/Buttons/main_menu.prefab using Guid(ebc9dff20dc814741bb61e077eda98f6) Importer(815301076,1909f56bfc062723c751e8b465ee728b)  -> (artifact id: '74fd75e010abbb93f15f522d0594c5e9') in 0.067777 seconds 
  Import took 0.081765 seconds .

========================================================================
Received Import Request.
  Time since last request: 839.179543 seconds.
  path: Assets/Resources/Prefabs/Buttons/main_menu.prefab
  artifactKey: Guid(ebc9dff20dc814741bb61e077eda98f6) Importer(815301076,1909f56bfc062723c751e8b465ee728b)
Start importing Assets/Resources/Prefabs/Buttons/main_menu.prefab using Guid(ebc9dff20dc814741bb61e077eda98f6) Importer(815301076,1909f56bfc062723c751e8b465ee728b)  -> (artifact id: '4b62dcb70a0bf675323c9914e67339b7') in 0.052806 seconds 
  Import took 0.063477 seconds .

========================================================================
Received Import Request.
  Time since last request: 118.909061 seconds.
  path: Assets/Script/main_scene/stamina_ctrl.cs
  artifactKey: Guid(27856eec7e179dd45bbea9e6ed5931cf) Importer(815301076,1909f56bfc062723c751e8b465ee728b)
Start importing Assets/Script/main_scene/stamina_ctrl.cs using Guid(27856eec7e179dd45bbea9e6ed5931cf) Importer(815301076,1909f56bfc062723c751e8b465ee728b)  -> (artifact id: 'a965aee105656ab19bebf4d4d44b3d58') in 0.066020 seconds 
  Import took 0.080602 seconds .

========================================================================
Received Import Request.
  Time since last request: 0.015233 seconds.
  path: Assets/Script/main_scene/stamina_ctrl.cs
  artifactKey: Guid(27856eec7e179dd45bbea9e6ed5931cf) Importer(815301076,1909f56bfc062723c751e8b465ee728b)
Start importing Assets/Script/main_scene/stamina_ctrl.cs using Guid(27856eec7e179dd45bbea9e6ed5931cf) Importer(815301076,1909f56bfc062723c751e8b465ee728b)  -> (artifact id: 'a965aee105656ab19bebf4d4d44b3d58') in 0.030396 seconds 
  Import took 0.043163 seconds .

========================================================================
Received Prepare
Registering precompiled user dll's ...
Registered in 0.066623 seconds.
Begin MonoManager ReloadAssembly
Native extension for WindowsStandalone target not found
Refreshing native plugins compatible for Editor in 1.54 ms, found 2 plugins.
Preloading 0 native plugins for Editor in 0.00 ms.
Mono: successfully reloaded assembly
- Completed reload, in  6.679 seconds
Domain Reload Profiling:
	ReloadAssembly (6694ms)
		BeginReloadAssembly (1102ms)
			ExecutionOrderSort (1ms)
			DisableScriptedObjects (93ms)
			BackupInstance (0ms)
			ReleaseScriptingObjects (2ms)
			CreateAndSetChildDomain (548ms)
		EndReloadAssembly (5252ms)
			LoadAssemblies (565ms)
			RebuildTransferFunctionScriptingTraits (1ms)
			SetupTypeCache (1405ms)
			ReleaseScriptCaches (2ms)
			RebuildScriptCaches (208ms)
			SetupLoadedEditorAssemblies (2605ms)
				LogAssemblyErrors (0ms)
				InitializePlatformSupportModulesInManaged (632ms)
				SetLoadedEditorAssemblies (3ms)
				RefreshPlugins (2ms)
				BeforeProcessingInitializeOnLoad (290ms)
				ProcessInitializeOnLoadAttributes (1622ms)
				ProcessInitializeOnLoadMethodAttributes (19ms)
				AfterProcessingInitializeOnLoad (35ms)
				EditorAssembliesLoaded (1ms)
			ExecutionOrderSort2 (0ms)
			AwakeInstancesAfterBackupRestoration (31ms)
Platform modules already initialized, skipping
Refreshing native plugins compatible for Editor in 1.30 ms, found 2 plugins.
Preloading 0 native plugins for Editor in 0.00 ms.
Unloading 1415 Unused Serialized files (Serialized files now loaded: 0)
System memory in use before: 81.3 MB.
System memory in use after: 81.4 MB.

Unloading 14 unused Assets to reduce memory usage. Loaded Objects now: 1884.
Total: 25.191500 ms (FindLiveObjects: 2.295600 ms CreateObjectMapping: 0.389500 ms MarkObjects: 20.962800 ms  DeleteObjects: 1.535900 ms)

AssetImportParameters requested are different than current active one (requested -> active):
  custom:framework-win-MediaFoundation: 216162199b28c13a410421893ffa2e32 -> 
  custom:video-decoder-ogg-theora: a1e56fd34408186e4bbccfd4996cb3dc -> 
  custom:container-muxer-webm: aa71ff27fc2769a1b78a27578f13a17b -> 
  custom:container-demuxer-webm: 4f35f7cbe854078d1ac9338744f61a02 -> 
  custom:container-demuxer-ogg: 62fdf1f143b41e24485cea50d1cbac27 -> 
  custom:video-encoder-webm-vp8: eb34c28f22e8b96e1ab97ce403110664 -> 
  custom:video-codec-MediaFoundation-h265: 746d11721c4dcdbdad8f713fa42b33f4 -> 
  custom:video-decoder-webm-vp8: 9c59270c3fd7afecdb556c50c9e8de78 -> 
  custom:audio-decoder-ogg-vorbis: bf7c407c2cedff20999df2af8eb42d56 -> 
  custom:audio-encoder-webm-vorbis: bf7c407c2cedff20999df2af8eb42d56 -> 
========================================================================
Received Import Request.
  Time since last request: 6185.118458 seconds.
  path: Assets/Script/main_scene/stamina_ctrl.cs
  artifactKey: Guid(27856eec7e179dd45bbea9e6ed5931cf) Importer(815301076,1909f56bfc062723c751e8b465ee728b)
Start importing Assets/Script/main_scene/stamina_ctrl.cs using Guid(27856eec7e179dd45bbea9e6ed5931cf) Importer(815301076,1909f56bfc062723c751e8b465ee728b)  -> (artifact id: '119ae8231c9f1e1bbd06f7d4f55d2e4e') in 0.039203 seconds 
  Import took 0.050652 seconds .

